<?xml version="1.0" encoding="utf-8"?><testsuites name="pytest tests"><testsuite name="pytest" errors="0" failures="0" skipped="0" tests="27" time="10.169" timestamp="2026-03-14T10:38:30.595158+00:00" hostname="agent-env-e164b67e-9bdd-403a-b00e-497ac1f07e30"><testcase classname="backend.tests.test_referral_academy.TestAuthEndpoints" name="test_auth_me_returns_401_without_token" time="0.104" /><testcase classname="backend.tests.test_referral_academy.TestReferralProgramme" name="test_get_referral_code_worker" time="0.460" /><testcase classname="backend.tests.test_referral_academy.TestReferralProgramme" name="test_get_referral_code_employer" time="0.446" /><testcase classname="backend.tests.test_referral_academy.TestReferralProgramme" name="test_get_referral_stats_worker" time="0.423" /><testcase classname="backend.tests.test_referral_academy.TestReferralProgramme" name="test_get_referral_stats_employer" time="0.429" /><testcase classname="backend.tests.test_referral_academy.TestReferralProgramme" name="test_get_referral_history" time="0.459" /><testcase classname="backend.tests.test_referral_academy.TestReferralProgramme" name="test_admin_get_referrals" time="0.435" /><testcase classname="backend.tests.test_referral_academy.TestReferralProgramme" name="test_admin_referrals_forbidden_for_worker" time="0.473" /><testcase classname="backend.tests.test_referral_academy.TestAcademyCourses" name="test_get_courses_returns_seeded_courses" time="0.101" /><testcase classname="backend.tests.test_referral_academy.TestAcademyCourses" name="test_get_courses_with_category_filter" time="0.098" /><testcase classname="backend.tests.test_referral_academy.TestAcademyCourses" name="test_get_courses_with_level_filter" time="0.273" /><testcase classname="backend.tests.test_referral_academy.TestAcademyCourses" name="test_get_course_detail" time="0.216" /><testcase classname="backend.tests.test_referral_academy.TestAcademyCourses" name="test_get_academy_categories" time="0.107" /><testcase classname="backend.tests.test_referral_academy.TestAcademyEnrollment" name="test_get_my_courses" time="0.423" /><testcase classname="backend.tests.test_referral_academy.TestAcademyEnrollment" name="test_enroll_in_free_course" time="0.624" /><testcase classname="backend.tests.test_referral_academy.TestAcademyEnrollment" name="test_complete_course_and_get_certificate" time="0.573" /><testcase classname="backend.tests.test_referral_academy.TestAcademyEnrollment" name="test_get_certificates" time="0.438" /><testcase classname="backend.tests.test_referral_academy.TestAcademySubscription" name="test_get_subscription_plans" time="0.427" /><testcase classname="backend.tests.test_referral_academy.TestAcademySubscription" name="test_create_subscription" time="0.435" /><testcase classname="backend.tests.test_referral_academy.TestAcademyAdmin" name="test_admin_academy_stats" time="0.435" /><testcase classname="backend.tests.test_referral_academy.TestAcademyAdmin" name="test_admin_academy_forbidden_for_worker" time="0.429" /><testcase classname="backend.tests.test_referral_academy.TestEmployerAcademy" name="test_employer_get_my_created_courses" time="0.433" /><testcase classname="backend.tests.test_referral_academy.TestEmployerAcademy" name="test_employer_create_course" time="0.427" /><testcase classname="backend.tests.test_referral_academy.TestExistingFeatures" name="test_worker_login" time="0.320" /><testcase classname="backend.tests.test_referral_academy.TestExistingFeatures" name="test_employer_login" time="0.336" /><testcase classname="backend.tests.test_referral_academy.TestExistingFeatures" name="test_admin_login" time="0.328" /><testcase classname="backend.tests.test_referral_academy.TestExistingFeatures" name="test_admin_dashboard_stats" time="0.455" /></testsuite></testsuites>