<?xml version="1.0" encoding="utf-8"?><testsuites name="pytest tests"><testsuite name="pytest" errors="0" failures="0" skipped="0" tests="19" time="9.507" timestamp="2026-03-15T06:28:42.261990+00:00" hostname="agent-env-e164b67e-9bdd-403a-b00e-497ac1f07e30"><testcase classname="tests.test_agency_and_admin.TestExistingLogins" name="test_admin_login" time="0.806" /><testcase classname="tests.test_agency_and_admin.TestExistingLogins" name="test_employer_login" time="0.415" /><testcase classname="tests.test_agency_and_admin.TestExistingLogins" name="test_worker_login" time="0.403" /><testcase classname="tests.test_agency_and_admin.TestAgencyLogin" name="test_agency_login" time="0.407" /><testcase classname="tests.test_agency_and_admin.TestAgencyLogin" name="test_agency_profile" time="0.722" /><testcase classname="tests.test_agency_and_admin.TestAgencyDashboard" name="test_agency_dashboard" time="1.084" /><testcase classname="tests.test_agency_and_admin.TestAgencyShifts" name="test_get_agency_shifts" time="0.445" /><testcase classname="tests.test_agency_and_admin.TestAgencyWorkers" name="test_get_agency_workers" time="0.437" /><testcase classname="tests.test_agency_and_admin.TestAgencyApplicants" name="test_get_agency_applicants" time="0.305" /><testcase classname="tests.test_agency_and_admin.TestAgencyTimesheets" name="test_get_agency_timesheets" time="0.333" /><testcase classname="tests.test_agency_and_admin.TestAdminAgencies" name="test_get_agencies_list" time="0.839" /><testcase classname="tests.test_agency_and_admin.TestAdminAgencies" name="test_agencies_stats" time="0.426" /><testcase classname="tests.test_agency_and_admin.TestAdminAgencyActions" name="test_approve_agency_endpoint" time="0.738" /><testcase classname="tests.test_agency_and_admin.TestAdminAgencyActions" name="test_suspend_agency_endpoint" time="1.029" /><testcase classname="tests.test_agency_and_admin.TestAgencyRegistration" name="test_agency_registration_endpoint" time="0.301" /><testcase classname="tests.test_agency_and_admin.TestPWAFiles" name="test_manifest_json" time="0.062" /><testcase classname="tests.test_agency_and_admin.TestPWAFiles" name="test_service_worker" time="0.056" /><testcase classname="tests.test_agency_and_admin.TestAgencyReferralsAndAcademy" name="test_agency_referral_code" time="0.436" /><testcase classname="tests.test_agency_and_admin.TestAgencyReferralsAndAcademy" name="test_academy_courses" time="0.192" /></testsuite></testsuites>