<?xml version="1.0" encoding="utf-8"?><testsuites name="pytest tests"><testsuite name="pytest" errors="0" failures="0" skipped="0" tests="36" time="31.867" timestamp="2026-03-14T18:51:09.533748+00:00" hostname="agent-env-e164b67e-9bdd-403a-b00e-497ac1f07e30"><testcase classname="backend.tests.test_supabase_migration.TestAuth" name="test_auth_me_returns_401_without_token" time="0.134" /><testcase classname="backend.tests.test_supabase_migration.TestAuth" name="test_worker_login" time="0.649" /><testcase classname="backend.tests.test_supabase_migration.TestAuth" name="test_employer_login" time="0.522" /><testcase classname="backend.tests.test_supabase_migration.TestAuth" name="test_admin_login" time="0.491" /><testcase classname="backend.tests.test_supabase_migration.TestAuth" name="test_auth_me_returns_user_with_valid_token" time="0.744" /><testcase classname="backend.tests.test_supabase_migration.TestAuth" name="test_invalid_login" time="0.249" /><testcase classname="backend.tests.test_supabase_migration.TestPublicShifts" name="test_public_shifts_returns_shifts" time="0.251" /><testcase classname="backend.tests.test_supabase_migration.TestPublicShifts" name="test_public_shifts_structure" time="0.301" /><testcase classname="backend.tests.test_supabase_migration.TestWorkerFeatures" name="test_worker_profile" time="0.854" /><testcase classname="backend.tests.test_supabase_migration.TestWorkerFeatures" name="test_worker_earnings" time="0.867" /><testcase classname="backend.tests.test_supabase_migration.TestWorkerFeatures" name="test_worker_browse_shifts" time="1.768" /><testcase classname="backend.tests.test_supabase_migration.TestWorkerFeatures" name="test_worker_my_shifts" time="0.839" /><testcase classname="backend.tests.test_supabase_migration.TestWorkerFeatures" name="test_worker_apply_for_shift" time="1.330" /><testcase classname="backend.tests.test_supabase_migration.TestPermanentJobs" name="test_browse_permanent_jobs" time="1.383" /><testcase classname="backend.tests.test_supabase_migration.TestFreelancerMarketplace" name="test_browse_freelancer_services" time="0.269" /><testcase classname="backend.tests.test_supabase_migration.TestFreelancerMarketplace" name="test_freelancer_categories" time="0.114" /><testcase classname="backend.tests.test_supabase_migration.TestStudentPlacements" name="test_browse_placements" time="1.388" /><testcase classname="backend.tests.test_supabase_migration.TestReferralProgramme" name="test_get_referral_code" time="0.924" /><testcase classname="backend.tests.test_supabase_migration.TestReferralProgramme" name="test_get_referral_stats" time="0.988" /><testcase classname="backend.tests.test_supabase_migration.TestAcademy" name="test_browse_academy_courses" time="0.262" /><testcase classname="backend.tests.test_supabase_migration.TestAcademy" name="test_enroll_in_course" time="2.023" /><testcase classname="backend.tests.test_supabase_migration.TestAcademy" name="test_get_my_courses" time="0.949" /><testcase classname="backend.tests.test_supabase_migration.TestAcademy" name="test_get_certificates" time="0.854" /><testcase classname="backend.tests.test_supabase_migration.TestEmployerFeatures" name="test_employer_shifts" time="1.718" /><testcase classname="backend.tests.test_supabase_migration.TestEmployerFeatures" name="test_employer_permanent_jobs" time="1.377" /><testcase classname="backend.tests.test_supabase_migration.TestEmployerFeatures" name="test_employer_referral_code" time="1.018" /><testcase classname="backend.tests.test_supabase_migration.TestEmployerFeatures" name="test_employer_academy_courses" time="0.842" /><testcase classname="backend.tests.test_supabase_migration.TestAdminFeatures" name="test_admin_dashboard" time="2.443" /><testcase classname="backend.tests.test_supabase_migration.TestAdminFeatures" name="test_admin_workers" time="1.018" /><testcase classname="backend.tests.test_supabase_migration.TestAdminFeatures" name="test_admin_employers" time="1.159" /><testcase classname="backend.tests.test_supabase_migration.TestAdminFeatures" name="test_admin_shifts" time="0.949" /><testcase classname="backend.tests.test_supabase_migration.TestAdminFeatures" name="test_admin_finance" time="0.872" /><testcase classname="backend.tests.test_supabase_migration.TestAdminFeatures" name="test_admin_referrals" time="0.856" /><testcase classname="backend.tests.test_supabase_migration.TestAdminFeatures" name="test_admin_academy" time="1.125" /><testcase classname="backend.tests.test_supabase_migration.TestReferenceData" name="test_get_industries" time="0.122" /><testcase classname="backend.tests.test_supabase_migration.TestReferenceData" name="test_get_countries" time="0.120" /></testsuite></testsuites>